# hmmsearch :: search profile(s) against a sequence database
# HMMER 3.4 (Aug 2023); http://hmmer.org/
# Copyright (C) 2023 Howard Hughes Medical Institute.
# Freely distributed under the BSD open source license.
# - - - - - - - - - - - - - - - - - - - - - - - - - - - - - - - - - - - -
# query HMM file:                  HALOGENATION/NON_HEME_HALOGENASES/variant_A_unactivated_sp3/nucleotide/cut_nucleotide_halogenases.hmm
# target sequence database:        uniprotkb_diiron_NOT_taxonomy_id_9606_A_2025_07_09.fasta
# - - - - - - - - - - - - - - - - - - - - - - - - - - - - - - - - - - - -

Query:       cut_nucleotide_halogenases  [M=133]
Scores for complete sequences (score includes all domains):
   --- full sequence ---   --- best 1 domain ---    -#dom-
    E-value  score  bias    E-value  score  bias    exp  N  Sequence Description
    ------- ------ -----    ------- ------ -----   ---- --  -------- -----------

   [No hits detected that satisfy reporting thresholds]


Domain annotation for each sequence (and alignments):

   [No targets detected that satisfy reporting thresholds]


Internal pipeline statistics summary:
-------------------------------------
Query model(s):                            1  (133 nodes)
Target sequences:                       6481  (2479017 residues searched)
Passed MSV filter:                       118  (0.0182071); expected 129.6 (0.02)
Passed bias filter:                      105  (0.0162012); expected 129.6 (0.02)
Passed Vit filter:                         3  (0.000462892); expected 6.5 (0.001)
Passed Fwd filter:                         0  (0); expected 0.1 (1e-05)
Initial search space (Z):               6481  [actual number of targets]
Domain search space  (domZ):               0  [number of targets reported over threshold]
# CPU time: 0.03u 0.01s 00:00:00.04 Elapsed: 00:00:00.03
# Mc/sec: 10365.62
//
[ok]
