# hmmsearch :: search profile(s) against a sequence database
# HMMER 3.4 (Aug 2023); http://hmmer.org/
# Copyright (C) 2023 Howard Hughes Medical Institute.
# Freely distributed under the BSD open source license.
# - - - - - - - - - - - - - - - - - - - - - - - - - - - - - - - - - - - -
# query HMM file:                  HALOGENATION/HALOPEROXIDASES/VBPOs/final/finals_VBPOs_extraction.hmm
# target sequence database:        test/general/swissprot_test.fasta
# - - - - - - - - - - - - - - - - - - - - - - - - - - - - - - - - - - - -

Query:       finals_VBPOs_extraction  [M=425]
Scores for complete sequences (score includes all domains):
   --- full sequence ---   --- best 1 domain ---    -#dom-
    E-value  score  bias    E-value  score  bias    exp  N  Sequence Description
    ------- ------ -----    ------- ------ -----   ---- --  -------- -----------

   [No hits detected that satisfy reporting thresholds]


Domain annotation for each sequence (and alignments):

   [No targets detected that satisfy reporting thresholds]


Internal pipeline statistics summary:
-------------------------------------
Query model(s):                            1  (425 nodes)
Target sequences:                      15750  (6331387 residues searched)
Passed MSV filter:                       310  (0.0196825); expected 315.0 (0.02)
Passed bias filter:                      255  (0.0161905); expected 315.0 (0.02)
Passed Vit filter:                        15  (0.000952381); expected 15.8 (0.001)
Passed Fwd filter:                         0  (0); expected 0.2 (1e-05)
Initial search space (Z):              15750  [actual number of targets]
Domain search space  (domZ):               0  [number of targets reported over threshold]
# CPU time: 0.12u 0.00s 00:00:00.12 Elapsed: 00:00:00.05
# Mc/sec: 52164.56
//
[ok]
