# hmmsearch :: search profile(s) against a sequence database
# HMMER 3.3.2 (Nov 2020); http://hmmer.org/
# Copyright (C) 2020 Howard Hughes Medical Institute.
# Freely distributed under the BSD open source license.
# - - - - - - - - - - - - - - - - - - - - - - - - - - - - - - - - - - - -
# query HMM file:                  FLAVIN_DEPENDENT_HALOGENASES/general_profile/cut_all_general_profile_v2.hmm
# target sequence database:        uniprotkb_phosphatase_AND_taxonomy_id_2_2024_05_29.fasta
# - - - - - - - - - - - - - - - - - - - - - - - - - - - - - - - - - - - -

Query:       cut_all_general_profile  [M=473]
Scores for complete sequences (score includes all domains):
   --- full sequence ---   --- best 1 domain ---    -#dom-
    E-value  score  bias    E-value  score  bias    exp  N  Sequence Description
    ------- ------ -----    ------- ------ -----   ---- --  -------- -----------

   [No hits detected that satisfy reporting thresholds]


Domain annotation for each sequence (and alignments):

   [No targets detected that satisfy reporting thresholds]


Internal pipeline statistics summary:
-------------------------------------
Query model(s):                            1  (473 nodes)
Target sequences:                       6221  (2194220 residues searched)
Passed MSV filter:                       149  (0.0239511); expected 124.4 (0.02)
Passed bias filter:                      149  (0.0239511); expected 124.4 (0.02)
Passed Vit filter:                        24  (0.0038579); expected 6.2 (0.001)
Passed Fwd filter:                         0  (0); expected 0.1 (1e-05)
Initial search space (Z):               6221  [actual number of targets]
Domain search space  (domZ):               0  [number of targets reported over threshold]
# CPU time: 0.07u 0.00s 00:00:00.07 Elapsed: 00:00:00.03
# Mc/sec: 27243.72
//
[ok]
